Unity Editor version:    2020.3.34f1 (9a4c9c70452b)
Branch:                  2020.3/release
Build type:              Release
Batch mode:              YES
macOS version:           Version 12.4 (Build 21F79)
Darwin version:          21.5.0
Architecture:            x86_64
Running under Rosetta:   YES
Available memory:        8192 MB
Using pre-set license
Pro License: NO

COMMAND LINE ARGUMENTS:
/Applications/Unity/Unity.app/Contents/MacOS/Unity
-adb2
-batchMode
-noUpm
-name
AssetImportWorker0
-projectPath
/Users/chaeyun/local/GitHub/Climate_SeriousGame/INTRO1
-logFile
Logs/AssetImportWorker0.log
-srvPort
55629
Successfully changed project path to: /Users/chaeyun/local/GitHub/Climate_SeriousGame/INTRO1
/Users/chaeyun/local/GitHub/Climate_SeriousGame/INTRO1
Using Asset Import Pipeline V2.
Refreshing native plugins compatible for Editor in 31.44 ms, found 2 plugins.
Preloading 0 native plugins for Editor in 0.00 ms.
Initialize engine version: 2020.3.34f1 (9a4c9c70452b)
[Subsystems] Discovering subsystems at path /Applications/Unity/Unity.app/Contents/Resources/UnitySubsystems
[Subsystems] Discovering subsystems at path /Users/chaeyun/local/GitHub/Climate_SeriousGame/INTRO1/Assets
GfxDevice: creating device client; threaded=0
2022-06-28 20:34:35.406 Unity[63705:7320738] (null) preferred device: Apple M1 (high power)
2022-06-28 20:34:35.406 Unity[63705:7320738] Metal devices available: 1
2022-06-28 20:34:35.406 Unity[63705:7320738] 0: Apple M1 (high power)
2022-06-28 20:34:35.407 Unity[63705:7320738] Using device Apple M1 (high power)
Initializing Metal device caps: Apple M1
Initialize mono
Mono path[0] = '/Applications/Unity/Unity.app/Contents/Managed'
Mono path[1] = '/Applications/Unity/Unity.app/Contents/MonoBleedingEdge/lib/mono/unityjit'
Mono config path = '/Applications/Unity/Unity.app/Contents/MonoBleedingEdge/etc'
Using monoOptions --debugger-agent=transport=dt_socket,embedding=1,server=y,suspend=n,address=127.0.0.1:56705
Begin MonoManager ReloadAssembly
Registering precompiled unity dll's ...
Register platform support module: /Applications/Unity/Unity.app/Contents/PlaybackEngines/MacStandaloneSupport/UnityEditor.OSXStandalone.Extensions.dll
Registered in 0.002024 seconds.
Native extension for OSXStandalone target not found
Refreshing native plugins compatible for Editor in 28.62 ms, found 2 plugins.
Preloading 0 native plugins for Editor in 0.00 ms.
Mono: successfully reloaded assembly
- Completed reload, in  1.167 seconds
Domain Reload Profiling:
	ReloadAssembly (1167ms)
		BeginReloadAssembly (114ms)
			ExecutionOrderSort (0ms)
			DisableScriptedObjects (0ms)
			BackupInstance (0ms)
			ReleaseScriptingObjects (0ms)
			CreateAndSetChildDomain (3ms)
		EndReloadAssembly (941ms)
			LoadAssemblies (112ms)
			RebuildTransferFunctionScriptingTraits (0ms)
			SetupTypeCache (173ms)
			ReleaseScriptCaches (0ms)
			RebuildScriptCaches (42ms)
			SetupLoadedEditorAssemblies (460ms)
				LogAssemblyErrors (0ms)
				InitializePlatformSupportModulesInManaged (12ms)
				SetLoadedEditorAssemblies (0ms)
				RefreshPlugins (29ms)
				BeforeProcessingInitializeOnLoad (20ms)
				ProcessInitializeOnLoadAttributes (296ms)
				ProcessInitializeOnLoadMethodAttributes (101ms)
				AfterProcessingInitializeOnLoad (0ms)
				EditorAssembliesLoaded (1ms)
			ExecutionOrderSort2 (0ms)
			AwakeInstancesAfterBackupRestoration (0ms)
Platform modules already initialized, skipping
Registering precompiled user dll's ...
Registered in 0.002373 seconds.
Begin MonoManager ReloadAssembly
Native extension for OSXStandalone target not found
Refreshing native plugins compatible for Editor in 0.27 ms, found 2 plugins.
Preloading 0 native plugins for Editor in 0.00 ms.
Mono: successfully reloaded assembly
- Completed reload, in  2.002 seconds
Domain Reload Profiling:
	ReloadAssembly (2004ms)
		BeginReloadAssembly (265ms)
			ExecutionOrderSort (0ms)
			DisableScriptedObjects (27ms)
			BackupInstance (0ms)
			ReleaseScriptingObjects (0ms)
			CreateAndSetChildDomain (38ms)
		EndReloadAssembly (1643ms)
			LoadAssemblies (199ms)
			RebuildTransferFunctionScriptingTraits (0ms)
			SetupTypeCache (318ms)
			ReleaseScriptCaches (0ms)
			RebuildScriptCaches (51ms)
			SetupLoadedEditorAssemblies (875ms)
				LogAssemblyErrors (0ms)
				InitializePlatformSupportModulesInManaged (13ms)
				SetLoadedEditorAssemblies (1ms)
				RefreshPlugins (0ms)
				BeforeProcessingInitializeOnLoad (100ms)
				ProcessInitializeOnLoadAttributes (708ms)
				ProcessInitializeOnLoadMethodAttributes (51ms)
				AfterProcessingInitializeOnLoad (1ms)
				EditorAssembliesLoaded (0ms)
			ExecutionOrderSort2 (0ms)
			AwakeInstancesAfterBackupRestoration (3ms)
Platform modules already initialized, skipping
Validating Project structure ... 0.000183 seconds.
Shader import version has changed; will reimport all shaders...
Upgrading shader files ...0.000267 seconds.
Application.AssetDatabase Initial Script Refresh Start
RefreshInfo: InitialScriptRefreshV2(NoUpdateAssetOptions) scanfilter:  ... 1 filters
RefreshProfiler: Total: 0.000ms
Application.AssetDatabase Initial Script Refresh End
Application.AssetDatabase.Refresh Start
Application.AssetDatabase.Refresh End
RefreshInfo: StopAssetImportingV2(ForceSynchronousImport) scanfilter: 
RefreshProfiler: Total: 0.000ms
Launching external process: /Applications/Unity/Unity.app/Contents/Tools/UnityShaderCompiler
Launched and connected shader compiler UnityShaderCompiler after 0.02 seconds
Initializing Unity extensions:
2022-06-28 20:34:39.342 Unity[63705:7320738] NSEventModifierFlagFunction specified to -setKeyEquivalentModifierMask: for item <NSMenuItem: 0x600000d79a40 Font Asset, ke='Command-F12'>, but is only supported for system-provided menu items; will not be used
2022-06-28 20:34:39.345 Unity[63705:7320738] NSEventModifierFlagFunction specified to -setKeyEquivalentModifierMask: for item <NSMenuItem: 0x600000d6a300 Font Asset, ke='Command-F12'>, but is only supported for system-provided menu items; will not be used
========================================================================
Worker process is ready to serve import requests
Refreshing native plugins compatible for Editor in 0.16 ms, found 2 plugins.
Preloading 0 native plugins for Editor in 0.00 ms.
Unloading 1513 Unused Serialized files (Serialized files now loaded: 0)
System memory in use before: 176.4 MB.
System memory in use after: 175.5 MB.

Unloading 79 unused Assets to reduce memory usage. Loaded Objects now: 1989.
Total: 2.272208 ms (FindLiveObjects: 0.064208 ms CreateObjectMapping: 0.028667 ms MarkObjects: 1.782958 ms  DeleteObjects: 0.395708 ms)

AssetImportParameters requested are different than current active one (requested -> active):
  custom:video-decoder-ogg-theora: a1e56fd34408186e4bbccfd4996cb3dc -> 
  custom:container-muxer-webm: aa71ff27fc2769a1b78a27578f13a17b -> 
  custom:container-demuxer-webm: 4f35f7cbe854078d1ac9338744f61a02 -> 
  custom:container-demuxer-ogg: 62fdf1f143b41e24485cea50d1cbac27 -> 
  custom:video-encoder-webm-vp8: eb34c28f22e8b96e1ab97ce403110664 -> 
  custom:framework-osx-AVFoundation: e770b220cccbd017edd2c1fefb359320 -> 
  custom:video-decoder-webm-vp8: 9c59270c3fd7afecdb556c50c9e8de78 -> 
  custom:audio-decoder-ogg-vorbis: bf7c407c2cedff20999df2af8eb42d56 -> 
  custom:audio-encoder-webm-vorbis: bf7c407c2cedff20999df2af8eb42d56 -> 
========================================================================
Received Import Request.
  path: Assets/img/BntstartImg.png
  artifactKey: Guid(c6926a2de526940d4bf4e6881b038a2f) Importer(815301076,1909f56bfc062723c751e8b465ee728b)
Start importing Assets/img/BntstartImg.png using Guid(c6926a2de526940d4bf4e6881b038a2f) Importer(815301076,1909f56bfc062723c751e8b465ee728b)  -> (artifact id: '7740f23c793829e10fb03facbaa6cb56') in 0.252711 seconds 
========================================================================
Received Import Request.
  Time since last request: 0.000269 seconds.
  path: Assets/img/BntexitImg.png
  artifactKey: Guid(1c5ad6b605e0245eaaafb4e990978696) Importer(815301076,1909f56bfc062723c751e8b465ee728b)
Start importing Assets/img/BntexitImg.png using Guid(1c5ad6b605e0245eaaafb4e990978696) Importer(815301076,1909f56bfc062723c751e8b465ee728b)  -> (artifact id: '27d7dcd66280d0da54747e4e7a37b07e') in 0.006711 seconds 
========================================================================
Received Import Request.
  Time since last request: 12.172752 seconds.
  path: Assets/img/BntexitImg.png
  artifactKey: Guid(1c5ad6b605e0245eaaafb4e990978696) Importer(815301076,1909f56bfc062723c751e8b465ee728b)
Start importing Assets/img/BntexitImg.png using Guid(1c5ad6b605e0245eaaafb4e990978696) Importer(815301076,1909f56bfc062723c751e8b465ee728b)  -> (artifact id: '7a5c196dd22e9e62510941938b9d6c48') in 0.013634 seconds 
========================================================================
Received Prepare
Registering precompiled user dll's ...
Registered in 0.002370 seconds.
Begin MonoManager ReloadAssembly
Native extension for OSXStandalone target not found
Refreshing native plugins compatible for Editor in 0.27 ms, found 2 plugins.
Preloading 0 native plugins for Editor in 0.00 ms.
2022-06-28 20:54:12.716 Unity[63705:7320738] NSEventModifierFlagFunction specified to -setKeyEquivalentModifierMask: for item <NSMenuItem: 0x600000d6e610 Font Asset, ke='Command-F12'>, but is only supported for system-provided menu items; will not be used
Mono: successfully reloaded assembly
- Completed reload, in  2.074 seconds
Domain Reload Profiling:
	ReloadAssembly (2078ms)
		BeginReloadAssembly (267ms)
			ExecutionOrderSort (0ms)
			DisableScriptedObjects (37ms)
			BackupInstance (0ms)
			ReleaseScriptingObjects (0ms)
			CreateAndSetChildDomain (80ms)
		EndReloadAssembly (1717ms)
			LoadAssemblies (218ms)
			RebuildTransferFunctionScriptingTraits (1ms)
			SetupTypeCache (309ms)
			ReleaseScriptCaches (1ms)
			RebuildScriptCaches (46ms)
			SetupLoadedEditorAssemblies (953ms)
				LogAssemblyErrors (0ms)
				InitializePlatformSupportModulesInManaged (14ms)
				SetLoadedEditorAssemblies (1ms)
				RefreshPlugins (0ms)
				BeforeProcessingInitializeOnLoad (164ms)
				ProcessInitializeOnLoadAttributes (716ms)
				ProcessInitializeOnLoadMethodAttributes (56ms)
				AfterProcessingInitializeOnLoad (1ms)
				EditorAssembliesLoaded (0ms)
			ExecutionOrderSort2 (0ms)
			AwakeInstancesAfterBackupRestoration (4ms)
Platform modules already initialized, skipping
Refreshing native plugins compatible for Editor in 0.26 ms, found 2 plugins.
Preloading 0 native plugins for Editor in 0.00 ms.
Unloading 1506 Unused Serialized files (Serialized files now loaded: 0)
System memory in use before: 179.0 MB.
System memory in use after: 179.1 MB.

Unloading 12 unused Assets to reduce memory usage. Loaded Objects now: 1998.
Total: 3.438666 ms (FindLiveObjects: 0.072417 ms CreateObjectMapping: 0.029875 ms MarkObjects: 3.308000 ms  DeleteObjects: 0.027417 ms)

AssetImportParameters requested are different than current active one (requested -> active):
  custom:video-decoder-ogg-theora: a1e56fd34408186e4bbccfd4996cb3dc -> 
  custom:container-muxer-webm: aa71ff27fc2769a1b78a27578f13a17b -> 
  custom:container-demuxer-webm: 4f35f7cbe854078d1ac9338744f61a02 -> 
  custom:container-demuxer-ogg: 62fdf1f143b41e24485cea50d1cbac27 -> 
  custom:video-encoder-webm-vp8: eb34c28f22e8b96e1ab97ce403110664 -> 
  custom:framework-osx-AVFoundation: e770b220cccbd017edd2c1fefb359320 -> 
  custom:video-decoder-webm-vp8: 9c59270c3fd7afecdb556c50c9e8de78 -> 
  custom:audio-decoder-ogg-vorbis: bf7c407c2cedff20999df2af8eb42d56 -> 
  custom:audio-encoder-webm-vorbis: bf7c407c2cedff20999df2af8eb42d56 -> 
========================================================================
Received Import Request.
  Time since last request: 1164.276969 seconds.
  path: Assets/img/Exit 1.png
  artifactKey: Guid(16a80c1a0f60d45558248a4bc294f79e) Importer(815301076,1909f56bfc062723c751e8b465ee728b)
Start importing Assets/img/Exit 1.png using Guid(16a80c1a0f60d45558248a4bc294f79e) Importer(815301076,1909f56bfc062723c751e8b465ee728b)  -> (artifact id: 'a55df0aa7d30d3ca3881c647778d7e6d') in 0.093921 seconds 
========================================================================
Received Import Request.
  Time since last request: 0.000226 seconds.
  path: Assets/img/START 1.png
  artifactKey: Guid(5df0d7bc4b1504891960361c06520de9) Importer(815301076,1909f56bfc062723c751e8b465ee728b)
Start importing Assets/img/START 1.png using Guid(5df0d7bc4b1504891960361c06520de9) Importer(815301076,1909f56bfc062723c751e8b465ee728b)  -> (artifact id: 'fe9e15c5138502051fc6147130175647') in 0.006545 seconds 
========================================================================
Received Import Request.
  Time since last request: 37.885971 seconds.
  path: Assets/img/Exit 1.png
  artifactKey: Guid(16a80c1a0f60d45558248a4bc294f79e) Importer(815301076,1909f56bfc062723c751e8b465ee728b)
Start importing Assets/img/Exit 1.png using Guid(16a80c1a0f60d45558248a4bc294f79e) Importer(815301076,1909f56bfc062723c751e8b465ee728b)  -> (artifact id: 'c3b9ea77815e9da87d1d5dc9bc830907') in 0.066318 seconds 
========================================================================
Received Import Request.
  Time since last request: 6.213304 seconds.
  path: Assets/img/START 1.png
  artifactKey: Guid(5df0d7bc4b1504891960361c06520de9) Importer(815301076,1909f56bfc062723c751e8b465ee728b)
Start importing Assets/img/START 1.png using Guid(5df0d7bc4b1504891960361c06520de9) Importer(815301076,1909f56bfc062723c751e8b465ee728b)  -> (artifact id: '2255f25899e590d423bf1b7c11c2443b') in 0.014238 seconds 
========================================================================
Received Import Request.
  Time since last request: 28.240204 seconds.
  path: Assets/img/ImgIntroBackGround.png
  artifactKey: Guid(8f94201ae38854f1d9e22fc5183884dd) Importer(815301076,1909f56bfc062723c751e8b465ee728b)
Start importing Assets/img/ImgIntroBackGround.png using Guid(8f94201ae38854f1d9e22fc5183884dd) Importer(815301076,1909f56bfc062723c751e8b465ee728b)  -> (artifact id: 'f280ca40f0b4bad1c99ec15fdf69c5ed') in 0.022619 seconds 
========================================================================
Received Prepare
Registering precompiled user dll's ...
Registered in 0.002626 seconds.
Begin MonoManager ReloadAssembly
Native extension for OSXStandalone target not found
Refreshing native plugins compatible for Editor in 0.26 ms, found 2 plugins.
Preloading 0 native plugins for Editor in 0.00 ms.
2022-06-28 20:59:05.128 Unity[63705:7320738] NSEventModifierFlagFunction specified to -setKeyEquivalentModifierMask: for item <NSMenuItem: 0x600000d6ed80 Font Asset, ke='Command-F12'>, but is only supported for system-provided menu items; will not be used
Mono: successfully reloaded assembly
- Completed reload, in  2.043 seconds
Domain Reload Profiling:
	ReloadAssembly (2044ms)
		BeginReloadAssembly (264ms)
			ExecutionOrderSort (0ms)
			DisableScriptedObjects (59ms)
			BackupInstance (0ms)
			ReleaseScriptingObjects (0ms)
			CreateAndSetChildDomain (73ms)
		EndReloadAssembly (1692ms)
			LoadAssemblies (227ms)
			RebuildTransferFunctionScriptingTraits (0ms)
			SetupTypeCache (291ms)
			ReleaseScriptCaches (1ms)
			RebuildScriptCaches (44ms)
			SetupLoadedEditorAssemblies (938ms)
				LogAssemblyErrors (0ms)
				InitializePlatformSupportModulesInManaged (14ms)
				SetLoadedEditorAssemblies (1ms)
				RefreshPlugins (0ms)
				BeforeProcessingInitializeOnLoad (142ms)
				ProcessInitializeOnLoadAttributes (729ms)
				ProcessInitializeOnLoadMethodAttributes (51ms)
				AfterProcessingInitializeOnLoad (1ms)
				EditorAssembliesLoaded (0ms)
			ExecutionOrderSort2 (0ms)
			AwakeInstancesAfterBackupRestoration (4ms)
Platform modules already initialized, skipping
Refreshing native plugins compatible for Editor in 0.23 ms, found 2 plugins.
Preloading 0 native plugins for Editor in 0.00 ms.
Unloading 1506 Unused Serialized files (Serialized files now loaded: 0)
System memory in use before: 179.2 MB.
System memory in use after: 179.3 MB.

Unloading 11 unused Assets to reduce memory usage. Loaded Objects now: 2004.
Total: 1.909250 ms (FindLiveObjects: 0.077667 ms CreateObjectMapping: 0.029541 ms MarkObjects: 1.783417 ms  DeleteObjects: 0.017833 ms)

AssetImportParameters requested are different than current active one (requested -> active):
  custom:video-decoder-ogg-theora: a1e56fd34408186e4bbccfd4996cb3dc -> 
  custom:container-muxer-webm: aa71ff27fc2769a1b78a27578f13a17b -> 
  custom:container-demuxer-webm: 4f35f7cbe854078d1ac9338744f61a02 -> 
  custom:container-demuxer-ogg: 62fdf1f143b41e24485cea50d1cbac27 -> 
  custom:video-encoder-webm-vp8: eb34c28f22e8b96e1ab97ce403110664 -> 
  custom:framework-osx-AVFoundation: e770b220cccbd017edd2c1fefb359320 -> 
  custom:video-decoder-webm-vp8: 9c59270c3fd7afecdb556c50c9e8de78 -> 
  custom:audio-decoder-ogg-vorbis: bf7c407c2cedff20999df2af8eb42d56 -> 
  custom:audio-encoder-webm-vorbis: bf7c407c2cedff20999df2af8eb42d56 -> 
========================================================================
Received Import Request.
  Time since last request: 318.868132 seconds.
  path: Assets/img/Exit.png
  artifactKey: Guid(189d9f9acebcf44ec97eb44e00c5adbe) Importer(815301076,1909f56bfc062723c751e8b465ee728b)
Start importing Assets/img/Exit.png using Guid(189d9f9acebcf44ec97eb44e00c5adbe) Importer(815301076,1909f56bfc062723c751e8b465ee728b)  -> (artifact id: '58a3a13912c987f2f16034033913230d') in 0.163622 seconds 
========================================================================
Received Import Request.
  Time since last request: 0.017537 seconds.
  path: Assets/img/START 1.png
  artifactKey: Guid(5df0d7bc4b1504891960361c06520de9) Importer(815301076,1909f56bfc062723c751e8b465ee728b)
Start importing Assets/img/START 1.png using Guid(5df0d7bc4b1504891960361c06520de9) Importer(815301076,1909f56bfc062723c751e8b465ee728b)  -> (artifact id: '9a8042f6a932c7e7a6674732b4ee6d06') in 0.008540 seconds 
========================================================================
Received Import Request.
  Time since last request: 9.057403 seconds.
  path: Assets/img/Exit.png
  artifactKey: Guid(189d9f9acebcf44ec97eb44e00c5adbe) Importer(815301076,1909f56bfc062723c751e8b465ee728b)
Start importing Assets/img/Exit.png using Guid(189d9f9acebcf44ec97eb44e00c5adbe) Importer(815301076,1909f56bfc062723c751e8b465ee728b)  -> (artifact id: 'd34f97bbd7043f56ab4c0e2f952ca1fb') in 0.060649 seconds 
========================================================================
Received Import Request.
  Time since last request: 7.098613 seconds.
  path: Assets/img/START 1.png
  artifactKey: Guid(5df0d7bc4b1504891960361c06520de9) Importer(815301076,1909f56bfc062723c751e8b465ee728b)
Start importing Assets/img/START 1.png using Guid(5df0d7bc4b1504891960361c06520de9) Importer(815301076,1909f56bfc062723c751e8b465ee728b)  -> (artifact id: 'c3d4cf66178fd940662eafb595236f12') in 0.013295 seconds 
========================================================================
Received Import Request.
  Time since last request: 329.911590 seconds.
  path: Assets/img/START.jpg
  artifactKey: Guid(9108f80f99d1340a39aaebcd0e6093e2) Importer(815301076,1909f56bfc062723c751e8b465ee728b)
Start importing Assets/img/START.jpg using Guid(9108f80f99d1340a39aaebcd0e6093e2) Importer(815301076,1909f56bfc062723c751e8b465ee728b)  -> (artifact id: 'a049b0ff332f644ef2aa1fcf87f51db1') in 0.607000 seconds 
========================================================================
Received Import Request.
  Time since last request: 15.252990 seconds.
  path: Assets/img/START.mat
  artifactKey: Guid(46fc97bd43a584a93852bf6f2a60eeec) Importer(815301076,1909f56bfc062723c751e8b465ee728b)
Start importing Assets/img/START.mat using Guid(46fc97bd43a584a93852bf6f2a60eeec) Importer(815301076,1909f56bfc062723c751e8b465ee728b)  -> (artifact id: '8d1449c1bb47c4752517ff0d0addb66e') in 0.654519 seconds 
========================================================================
Received Import Request.
  Time since last request: 60.692396 seconds.
  path: Assets/img/START.jpg
  artifactKey: Guid(9108f80f99d1340a39aaebcd0e6093e2) Importer(815301076,1909f56bfc062723c751e8b465ee728b)
Start importing Assets/img/START.jpg using Guid(9108f80f99d1340a39aaebcd0e6093e2) Importer(815301076,1909f56bfc062723c751e8b465ee728b)  -> (artifact id: '5c59d170dd760307701d5380de69ced1') in 0.018189 seconds 
========================================================================
Received Import Request.
  Time since last request: 178.691035 seconds.
  path: Assets/img/BntExit.png
  artifactKey: Guid(85c371a821a2e42b5bbd2a07754e6f1c) Importer(815301076,1909f56bfc062723c751e8b465ee728b)
Start importing Assets/img/BntExit.png using Guid(85c371a821a2e42b5bbd2a07754e6f1c) Importer(815301076,1909f56bfc062723c751e8b465ee728b)  -> (artifact id: '535a1f5bcfd31ec8a989cabd74295324') in 0.027609 seconds 
========================================================================
Received Import Request.
  Time since last request: 0.000411 seconds.
  path: Assets/img/BntStart.png
  artifactKey: Guid(430c35d9178354579aef04c424c953cf) Importer(815301076,1909f56bfc062723c751e8b465ee728b)
Start importing Assets/img/BntStart.png using Guid(430c35d9178354579aef04c424c953cf) Importer(815301076,1909f56bfc062723c751e8b465ee728b)  -> (artifact id: '4ab262ce7f00f566ecea9890f26314b2') in 0.005864 seconds 
========================================================================
Received Import Request.
  Time since last request: 10.740149 seconds.
  path: Assets/img/BntExit.png
  artifactKey: Guid(85c371a821a2e42b5bbd2a07754e6f1c) Importer(815301076,1909f56bfc062723c751e8b465ee728b)
Start importing Assets/img/BntExit.png using Guid(85c371a821a2e42b5bbd2a07754e6f1c) Importer(815301076,1909f56bfc062723c751e8b465ee728b)  -> (artifact id: 'b32a518765d82f08c6e601a55d5158e3') in 0.026832 seconds 
========================================================================
Received Import Request.
  Time since last request: 89.637402 seconds.
  path: Assets/img/BntExit.png
  artifactKey: Guid(85c371a821a2e42b5bbd2a07754e6f1c) Importer(815301076,1909f56bfc062723c751e8b465ee728b)
Start importing Assets/img/BntExit.png using Guid(85c371a821a2e42b5bbd2a07754e6f1c) Importer(815301076,1909f56bfc062723c751e8b465ee728b)  -> (artifact id: '38309580017371a243a64e98e1e5262c') in 0.033830 seconds 
========================================================================
Received Import Request.
  Time since last request: 6.406606 seconds.
  path: Assets/img/BntExit.png
  artifactKey: Guid(85c371a821a2e42b5bbd2a07754e6f1c) Importer(815301076,1909f56bfc062723c751e8b465ee728b)
Start importing Assets/img/BntExit.png using Guid(85c371a821a2e42b5bbd2a07754e6f1c) Importer(815301076,1909f56bfc062723c751e8b465ee728b)  -> (artifact id: '95e978531d184c7a5dee21ec76c3f397') in 0.016343 seconds 
========================================================================
Received Import Request.
  Time since last request: 121.302897 seconds.
  path: Assets/img/BntStart.png
  artifactKey: Guid(430c35d9178354579aef04c424c953cf) Importer(815301076,1909f56bfc062723c751e8b465ee728b)
Start importing Assets/img/BntStart.png using Guid(430c35d9178354579aef04c424c953cf) Importer(815301076,1909f56bfc062723c751e8b465ee728b)  -> (artifact id: 'f637a1be8c852215011860d28ec9ef95') in 0.036993 seconds 
========================================================================
Received Prepare
Registering precompiled user dll's ...
Registered in 0.002062 seconds.
Begin MonoManager ReloadAssembly
Native extension for OSXStandalone target not found
Refreshing native plugins compatible for Editor in 0.26 ms, found 2 plugins.
Preloading 0 native plugins for Editor in 0.00 ms.
2022-06-28 21:26:00.574 Unity[63705:7320738] NSEventModifierFlagFunction specified to -setKeyEquivalentModifierMask: for item <NSMenuItem: 0x600000d6dce0 Font Asset, ke='Command-F12'>, but is only supported for system-provided menu items; will not be used
Mono: successfully reloaded assembly
- Completed reload, in  1.961 seconds
Domain Reload Profiling:
	ReloadAssembly (1962ms)
		BeginReloadAssembly (236ms)
			ExecutionOrderSort (0ms)
			DisableScriptedObjects (28ms)
			BackupInstance (0ms)
			ReleaseScriptingObjects (0ms)
			CreateAndSetChildDomain (73ms)
		EndReloadAssembly (1639ms)
			LoadAssemblies (222ms)
			RebuildTransferFunctionScriptingTraits (0ms)
			SetupTypeCache (301ms)
			ReleaseScriptCaches (1ms)
			RebuildScriptCaches (44ms)
			SetupLoadedEditorAssemblies (888ms)
				LogAssemblyErrors (0ms)
				InitializePlatformSupportModulesInManaged (13ms)
				SetLoadedEditorAssemblies (1ms)
				RefreshPlugins (0ms)
				BeforeProcessingInitializeOnLoad (144ms)
				ProcessInitializeOnLoadAttributes (677ms)
				ProcessInitializeOnLoadMethodAttributes (52ms)
				AfterProcessingInitializeOnLoad (1ms)
				EditorAssembliesLoaded (0ms)
			ExecutionOrderSort2 (0ms)
			AwakeInstancesAfterBackupRestoration (4ms)
Platform modules already initialized, skipping
Refreshing native plugins compatible for Editor in 0.26 ms, found 2 plugins.
Preloading 0 native plugins for Editor in 0.00 ms.
Unloading 1506 Unused Serialized files (Serialized files now loaded: 0)
System memory in use before: 188.1 MB.
System memory in use after: 188.2 MB.

Unloading 11 unused Assets to reduce memory usage. Loaded Objects now: 2052.
Total: 1.919792 ms (FindLiveObjects: 0.080500 ms CreateObjectMapping: 0.029792 ms MarkObjects: 1.790583 ms  DeleteObjects: 0.018208 ms)

AssetImportParameters requested are different than current active one (requested -> active):
  custom:video-decoder-ogg-theora: a1e56fd34408186e4bbccfd4996cb3dc -> 
  custom:container-muxer-webm: aa71ff27fc2769a1b78a27578f13a17b -> 
  custom:container-demuxer-webm: 4f35f7cbe854078d1ac9338744f61a02 -> 
  custom:container-demuxer-ogg: 62fdf1f143b41e24485cea50d1cbac27 -> 
  custom:video-encoder-webm-vp8: eb34c28f22e8b96e1ab97ce403110664 -> 
  custom:framework-osx-AVFoundation: e770b220cccbd017edd2c1fefb359320 -> 
  custom:video-decoder-webm-vp8: 9c59270c3fd7afecdb556c50c9e8de78 -> 
  custom:audio-decoder-ogg-vorbis: bf7c407c2cedff20999df2af8eb42d56 -> 
  custom:audio-encoder-webm-vorbis: bf7c407c2cedff20999df2af8eb42d56 -> 
