Unity Editor version:    2020.3.34f1 (9a4c9c70452b)
Branch:                  2020.3/release
Build type:              Release
Batch mode:              YES
macOS version:           Version 12.4 (Build 21F79)
Darwin version:          21.5.0
Architecture:            x86_64
Running under Rosetta:   YES
Available memory:        8192 MB
Using pre-set license
Pro License: NO

COMMAND LINE ARGUMENTS:
/Applications/Unity/Unity.app/Contents/MacOS/Unity
-adb2
-batchMode
-noUpm
-name
AssetImportWorker0
-projectPath
/Users/chaeyun/GitHub/Climate_SeriousGame/Items
-logFile
Logs/AssetImportWorker0.log
-srvPort
51317
Successfully changed project path to: /Users/chaeyun/GitHub/Climate_SeriousGame/Items
/Users/chaeyun/GitHub/Climate_SeriousGame/Items
Using Asset Import Pipeline V2.
Refreshing native plugins compatible for Editor in 31.62 ms, found 2 plugins.
Preloading 0 native plugins for Editor in 0.00 ms.
Initialize engine version: 2020.3.34f1 (9a4c9c70452b)
[Subsystems] Discovering subsystems at path /Applications/Unity/Unity.app/Contents/Resources/UnitySubsystems
[Subsystems] Discovering subsystems at path /Users/chaeyun/GitHub/Climate_SeriousGame/Items/Assets
GfxDevice: creating device client; threaded=0
2022-06-28 13:24:43.558 Unity[33316:6979561] (null) preferred device: Apple M1 (high power)
2022-06-28 13:24:43.558 Unity[33316:6979561] Metal devices available: 1
2022-06-28 13:24:43.558 Unity[33316:6979561] 0: Apple M1 (high power)
2022-06-28 13:24:43.559 Unity[33316:6979561] Using device Apple M1 (high power)
Initializing Metal device caps: Apple M1
Initialize mono
Mono path[0] = '/Applications/Unity/Unity.app/Contents/Managed'
Mono path[1] = '/Applications/Unity/Unity.app/Contents/MonoBleedingEdge/lib/mono/unityjit'
Mono config path = '/Applications/Unity/Unity.app/Contents/MonoBleedingEdge/etc'
Using monoOptions --debugger-agent=transport=dt_socket,embedding=1,server=y,suspend=n,address=127.0.0.1:56316
Begin MonoManager ReloadAssembly
Registering precompiled unity dll's ...
Register platform support module: /Applications/Unity/Unity.app/Contents/PlaybackEngines/MacStandaloneSupport/UnityEditor.OSXStandalone.Extensions.dll
Registered in 0.001127 seconds.
Native extension for OSXStandalone target not found
Refreshing native plugins compatible for Editor in 29.52 ms, found 2 plugins.
Preloading 0 native plugins for Editor in 0.00 ms.
Mono: successfully reloaded assembly
- Completed reload, in  1.133 seconds
Domain Reload Profiling:
	ReloadAssembly (1133ms)
		BeginReloadAssembly (108ms)
			ExecutionOrderSort (0ms)
			DisableScriptedObjects (0ms)
			BackupInstance (0ms)
			ReleaseScriptingObjects (0ms)
			CreateAndSetChildDomain (3ms)
		EndReloadAssembly (917ms)
			LoadAssemblies (106ms)
			RebuildTransferFunctionScriptingTraits (0ms)
			SetupTypeCache (182ms)
			ReleaseScriptCaches (0ms)
			RebuildScriptCaches (40ms)
			SetupLoadedEditorAssemblies (435ms)
				LogAssemblyErrors (0ms)
				InitializePlatformSupportModulesInManaged (10ms)
				SetLoadedEditorAssemblies (0ms)
				RefreshPlugins (30ms)
				BeforeProcessingInitializeOnLoad (24ms)
				ProcessInitializeOnLoadAttributes (272ms)
				ProcessInitializeOnLoadMethodAttributes (98ms)
				AfterProcessingInitializeOnLoad (0ms)
				EditorAssembliesLoaded (1ms)
			ExecutionOrderSort2 (0ms)
			AwakeInstancesAfterBackupRestoration (0ms)
Platform modules already initialized, skipping
Registering precompiled user dll's ...
Registered in 0.003217 seconds.
Begin MonoManager ReloadAssembly
Native extension for OSXStandalone target not found
Refreshing native plugins compatible for Editor in 0.30 ms, found 2 plugins.
Preloading 0 native plugins for Editor in 0.00 ms.
Mono: successfully reloaded assembly
- Completed reload, in  1.873 seconds
Domain Reload Profiling:
	ReloadAssembly (1875ms)
		BeginReloadAssembly (241ms)
			ExecutionOrderSort (0ms)
			DisableScriptedObjects (33ms)
			BackupInstance (0ms)
			ReleaseScriptingObjects (0ms)
			CreateAndSetChildDomain (29ms)
		EndReloadAssembly (1551ms)
			LoadAssemblies (178ms)
			RebuildTransferFunctionScriptingTraits (0ms)
			SetupTypeCache (292ms)
			ReleaseScriptCaches (0ms)
			RebuildScriptCaches (49ms)
			SetupLoadedEditorAssemblies (841ms)
				LogAssemblyErrors (0ms)
				InitializePlatformSupportModulesInManaged (12ms)
				SetLoadedEditorAssemblies (2ms)
				RefreshPlugins (0ms)
				BeforeProcessingInitializeOnLoad (92ms)
				ProcessInitializeOnLoadAttributes (678ms)
				ProcessInitializeOnLoadMethodAttributes (56ms)
				AfterProcessingInitializeOnLoad (1ms)
				EditorAssembliesLoaded (1ms)
			ExecutionOrderSort2 (0ms)
			AwakeInstancesAfterBackupRestoration (4ms)
Platform modules already initialized, skipping
Validating Project structure ... 0.000382 seconds.
Shader import version has changed; will reimport all shaders...
Upgrading shader files ...0.000272 seconds.
Application.AssetDatabase Initial Script Refresh Start
RefreshInfo: InitialScriptRefreshV2(NoUpdateAssetOptions) scanfilter:  ... 1 filters
RefreshProfiler: Total: 0.000ms
Application.AssetDatabase Initial Script Refresh End
Application.AssetDatabase.Refresh Start
Application.AssetDatabase.Refresh End
RefreshInfo: StopAssetImportingV2(ForceSynchronousImport) scanfilter: 
RefreshProfiler: Total: 0.000ms
Launching external process: /Applications/Unity/Unity.app/Contents/Tools/UnityShaderCompiler
Launched and connected shader compiler UnityShaderCompiler after 0.03 seconds
Initializing Unity extensions:
2022-06-28 13:24:47.363 Unity[33316:6979561] NSEventModifierFlagFunction specified to -setKeyEquivalentModifierMask: for item <NSMenuItem: 0x60000160eae0 Font Asset, ke='Command-F12'>, but is only supported for system-provided menu items; will not be used
2022-06-28 13:24:47.365 Unity[33316:6979561] NSEventModifierFlagFunction specified to -setKeyEquivalentModifierMask: for item <NSMenuItem: 0x60000161c690 Font Asset, ke='Command-F12'>, but is only supported for system-provided menu items; will not be used
========================================================================
Worker process is ready to serve import requests
Refreshing native plugins compatible for Editor in 0.17 ms, found 2 plugins.
Preloading 0 native plugins for Editor in 0.00 ms.
Unloading 1511 Unused Serialized files (Serialized files now loaded: 0)
System memory in use before: 177.3 MB.
System memory in use after: 176.4 MB.

Unloading 77 unused Assets to reduce memory usage. Loaded Objects now: 1986.
Total: 2.388750 ms (FindLiveObjects: 0.074459 ms CreateObjectMapping: 0.029166 ms MarkObjects: 1.876250 ms  DeleteObjects: 0.408041 ms)

AssetImportParameters requested are different than current active one (requested -> active):
  custom:video-decoder-ogg-theora: a1e56fd34408186e4bbccfd4996cb3dc -> 
  custom:container-muxer-webm: aa71ff27fc2769a1b78a27578f13a17b -> 
  custom:container-demuxer-webm: 4f35f7cbe854078d1ac9338744f61a02 -> 
  custom:container-demuxer-ogg: 62fdf1f143b41e24485cea50d1cbac27 -> 
  custom:video-encoder-webm-vp8: eb34c28f22e8b96e1ab97ce403110664 -> 
  custom:framework-osx-AVFoundation: e770b220cccbd017edd2c1fefb359320 -> 
  custom:video-decoder-webm-vp8: 9c59270c3fd7afecdb556c50c9e8de78 -> 
  custom:audio-decoder-ogg-vorbis: bf7c407c2cedff20999df2af8eb42d56 -> 
  custom:audio-encoder-webm-vorbis: bf7c407c2cedff20999df2af8eb42d56 -> 
========================================================================
Received Import Request.
  path: Assets/co2.png
  artifactKey: Guid(cb025853159514b8a8d0c9473e052459) Importer(815301076,1909f56bfc062723c751e8b465ee728b)
Start importing Assets/co2.png using Guid(cb025853159514b8a8d0c9473e052459) Importer(815301076,1909f56bfc062723c751e8b465ee728b)  -> (artifact id: '768019b6b5b2b0b46fe43208d68278a0') in 0.582271 seconds 
========================================================================
Received Import Request.
  Time since last request: 0.509121 seconds.
  path: Assets/co2.png
  artifactKey: Guid(cb025853159514b8a8d0c9473e052459) Importer(815301076,1909f56bfc062723c751e8b465ee728b)
Start importing Assets/co2.png using Guid(cb025853159514b8a8d0c9473e052459) Importer(815301076,1909f56bfc062723c751e8b465ee728b)  -> (artifact id: 'db82e25b5bd7d0cd4df5b8adebe80a67') in 0.059294 seconds 
========================================================================
Received Import Request.
  Time since last request: 13.462790 seconds.
  path: Assets/co2Prefab.prefab
  artifactKey: Guid(2b6eb187ca4694248aa30432db97dba6) Importer(815301076,1909f56bfc062723c751e8b465ee728b)
Start importing Assets/co2Prefab.prefab using Guid(2b6eb187ca4694248aa30432db97dba6) Importer(815301076,1909f56bfc062723c751e8b465ee728b)  -> (artifact id: 'b6bbca6f44c38ff4cb9b02d4cdf14433') in 0.449731 seconds 
========================================================================
Received Import Request.
  Time since last request: 5.336196 seconds.
  path: Assets/co2Prefab.prefab
  artifactKey: Guid(2b6eb187ca4694248aa30432db97dba6) Importer(815301076,1909f56bfc062723c751e8b465ee728b)
Start importing Assets/co2Prefab.prefab using Guid(2b6eb187ca4694248aa30432db97dba6) Importer(815301076,1909f56bfc062723c751e8b465ee728b)  -> (artifact id: '165daa0786758f3711c1a04c4a00ee9b') in 0.006294 seconds 
========================================================================
Received Import Request.
  Time since last request: 3.087914 seconds.
  path: Assets/co2Prefab.prefab
  artifactKey: Guid(2b6eb187ca4694248aa30432db97dba6) Importer(815301076,1909f56bfc062723c751e8b465ee728b)
Start importing Assets/co2Prefab.prefab using Guid(2b6eb187ca4694248aa30432db97dba6) Importer(815301076,1909f56bfc062723c751e8b465ee728b)  -> (artifact id: '53c0018d40f41f2f606cbda5d4a24fd1') in 0.073799 seconds 
========================================================================
Received Import Request.
  Time since last request: 3.749515 seconds.
  path: Assets/co2Prefab.prefab
  artifactKey: Guid(2b6eb187ca4694248aa30432db97dba6) Importer(815301076,1909f56bfc062723c751e8b465ee728b)
Start importing Assets/co2Prefab.prefab using Guid(2b6eb187ca4694248aa30432db97dba6) Importer(815301076,1909f56bfc062723c751e8b465ee728b)  -> (artifact id: 'cfc3523add20b6814cdbb1e5eba7477b') in 0.011686 seconds 
========================================================================
Received Import Request.
  Time since last request: 1.209173 seconds.
  path: Assets/co2Prefab.prefab
  artifactKey: Guid(2b6eb187ca4694248aa30432db97dba6) Importer(815301076,1909f56bfc062723c751e8b465ee728b)
Start importing Assets/co2Prefab.prefab using Guid(2b6eb187ca4694248aa30432db97dba6) Importer(815301076,1909f56bfc062723c751e8b465ee728b)  -> (artifact id: 'a127cf62f3ced1bf075d795a2b036630') in 0.011012 seconds 
